GPU Model            Used       Idle   Unavailable    Drain       Down      Maint      Total
a100                 217          7          0         12         12          0        245
gtx_1080_ti           30         28          0          0          0          0         58
p100                   0         20          0          0          0          0         20
p6000                  0          4          0          0          0          0          4
rtx_2080_ti           24          0          0          0          0          0         24
rtx_4090               0          0          0          0          1          0          1
v100                 203         70          0          0          0          0        273
       Totals:       474        129          0         12         13          0        625
Query failed, retrying... Error: QueryBadFormed: A bad request has been sent to the endpoint: probably the SPARQL query is badly formed. 

Response:
b'Virtuoso 37000 Error SP030: SPARQL compiler, line 17: syntax error at \'LIMIT\' before \'10\'\n\nSPARQL query:\n#output-format:application/sparql-results+json\n\nPREFIX dbo: <http://dbpedia.org/ontology/>\nPREFIX dbr: <http://dbpedia.org/resource/>\n\nSELECT ?city ?description\nWHERE {\n  ?city dbo:location dbr:Mesopotamia ;\n        dbo:formation ?formationTime ;\n        dbo:abstract ?description .\n  FILTER (?formationTime < "3000-01-01"^^xsd:date)\n  FILTER (lang(?description) = \'en\')\n}\nORDER BY ?formationTime\nLIMIT 10\n\nLIMIT 10\n'
Query failed, retrying... Error: QueryBadFormed: A bad request has been sent to the endpoint: probably the SPARQL query is badly formed. 

Response:
b'Virtuoso 37000 Error SP030: SPARQL compiler, line 13: syntax error at \'LIMIT\' before \'10\'\n\nSPARQL query:\n#output-format:application/sparql-results+json\n\nPREFIX dbo: <http://dbpedia.org/ontology/>\nPREFIX dbp: <http://dbpedia.org/property/>\n\nSELECT ?event ?story WHERE {\n  ?event dbo:abstract ?story;\n         dbo:name "Hammurabi\'s Code"@en.\n  FILTER (LANG(?story) = "en")\n}\nLIMIT 1\n\nLIMIT 10\n'
Query failed, retrying... Error: QueryBadFormed: A bad request has been sent to the endpoint: probably the SPARQL query is badly formed. 

Response:
b"Virtuoso 37000 Error SP030: SPARQL compiler, line 15: syntax error at 'LIMIT' before '10'\n\nSPARQL query:\n#output-format:application/sparql-results+json\n\nPREFIX dbo: <http://dbpedia.org/ontology/>\nPREFIX dbr: <http://dbpedia.org/resource/>\nPREFIX dbp: <http://dbpedia.org/property/>\n\nSELECT ?event ?description \nWHERE {\n  ?event dbo:wikiPageWikiLink dbr:Athenian_democracy ;\n         dbo:abstract ?description .\n  FILTER (lang(?description) = 'en')\n}\nLIMIT 1\n\nLIMIT 10\n"
Query failed, retrying... Error: QueryBadFormed: A bad request has been sent to the endpoint: probably the SPARQL query is badly formed. 

Response:
b"Virtuoso 37000 Error SP030: SPARQL compiler, line 19: syntax error at 'LIMIT' before '10'\n\nSPARQL query:\n#output-format:application/sparql-results+json\n\nPREFIX dbo: <http://dbpedia.org/ontology/>\nPREFIX dbr: <http://dbpedia.org/resource/>\nPREFIX dbp: <http://dbpedia.org/property/>\nPREFIX rdfs: <http://www.w3.org/2000/01/rdf-schema#>\n\nSELECT ?event ?description WHERE {\n  dbr:Justinian_I dbo:abstract ?event .\n  FILTER (LANG(?event) = 'en')\n  dbr:Justinian_I dbp:reign ?reign .\n  OPTIONAL {\n    ?relatedEvents dbo:wikiPageWikiLink dbr:Justinian_I ;\n                   dbo:abstract ?description .\n    FILTER (LANG(?description) = 'en')\n  }\n} LIMIT 10\n\nLIMIT 10\n"
Query failed, retrying... Error: QueryBadFormed: A bad request has been sent to the endpoint: probably the SPARQL query is badly formed. 

Response:
b'Virtuoso 37000 Error SP030: SPARQL compiler, line 15: syntax error at \'LIMIT\' before \'10\'\n\nSPARQL query:\n#output-format:application/sparql-results+json\n\nPREFIX dbo: <http://dbpedia.org/ontology/>\nPREFIX dbr: <http://dbpedia.org/resource/>\n\nSELECT ?event ?description\nWHERE {\n  ?event dbo:isPartOf dbr:Mongol_Empire .\n  ?event dbo:leader dbr:Genghis_Khan .\n  ?event dbo:abstract ?description .\n  FILTER (lang(?description) = "en")\n}\nLIMIT 1\n\nLIMIT 10\n'
Query failed, retrying... Error: QueryBadFormed: A bad request has been sent to the endpoint: probably the SPARQL query is badly formed. 

Response:
b'Virtuoso 37000 Error SP030: SPARQL compiler, line 9: syntax error at \'1258\' before \')\'\n\nSPARQL query:\n#output-format:application/sparql-results+json\n\nPREFIX dbo: <http://dbpedia.org/ontology/>\nPREFIX dbp: <http://dbpedia.org/property/>\nPREFIX dbr: <http://dbpedia.org/resource/>\nPREFIX rdfs: <http://www.w3.org/2000/01/rdf-schema#>\n\nSELECT ?event ?label ?abstract WHERE {\n  dbr:Fall_of_Baghdad_(1258) dbo:abstract ?abstract ;\n                                rdfs:label ?label .\n  FILTER (lang(?abstract) = "en" && lang(?label) = "en")\n}\n\nLIMIT 10\n'
Query failed, retrying... Error: QueryBadFormed: A bad request has been sent to the endpoint: probably the SPARQL query is badly formed. 

Response:
b'Virtuoso 37000 Error SP030: SPARQL compiler, line 15: syntax error at \'LIMIT\' before \'10\'\n\nSPARQL query:\n#output-format:application/sparql-results+json\n\nPREFIX dbo: <http://dbpedia.org/ontology/>\nPREFIX dbp: <http://dbpedia.org/property/>\nPREFIX dbr: <http://dbpedia.org/resource/>\n\nSELECT ?story WHERE {\n  dbr:Marco_Polo dbo:knownFor ?event .\n  ?event dbo:partOf dbr:China ;\n         dbp:text ?story .\n  FILTER regex(?story, "travels")\n}\nLIMIT 1\n\nLIMIT 10\n'
Query failed, retrying... Error: QueryBadFormed: A bad request has been sent to the endpoint: probably the SPARQL query is badly formed. 

Response:
b'Virtuoso 37000 Error SP030: SPARQL compiler, line 8: Undefined namespace prefix in prefix:localpart notation at \'dct:subject\' before \'?subject\'\n\nSPARQL query:\n#output-format:application/sparql-results+json\n\nPREFIX dbo: <http://dbpedia.org/ontology/>\nPREFIX dbr: <http://dbpedia.org/resource/>\nPREFIX dbp: <http://dbpedia.org/property/>\n\nSELECT ?event ?description WHERE {\n  dbr:Christopher_Columbus dct:subject ?subject .\n  ?event dbo:wikiPageWikiLink dbr:Christopher_Columbus ;\n         a dbo:Event ;\n         dbo:abstract ?description .\n  FILTER (lang(?description) = \'en\')\n  FILTER CONTAINS (STR(?event), "Discovery_of_America")\n}\nLIMIT 1\n\nLIMIT 10\n'
Query failed, retrying... Error: QueryBadFormed: A bad request has been sent to the endpoint: probably the SPARQL query is badly formed. 

Response:
b'Virtuoso 37000 Error SP030: SPARQL compiler, line 12: syntax error at \'LIMIT\'\n\nSPARQL query:\n#output-format:application/sparql-results+json\n\nPREFIX dbo: <http://dbpedia.org/ontology/>\nPREFIX dbr: <http://dbpedia.org/resource/>\n\nSELECT ?abstract WHERE {\n  dbr:Christopher_Columbus dbo:abstract ?abstract .\n  FILTER(LANG(?abstract) = "en")\n}\nLIMIT 1\n\nLIMIT 10\n'
Query failed, retrying... Error: QueryBadFormed: A bad request has been sent to the endpoint: probably the SPARQL query is badly formed. 

Response:
b"Virtuoso 37000 Error SP030: SPARQL compiler, line 18: syntax error at 'LIMIT' before '10'\n\nSPARQL query:\n#output-format:application/sparql-results+json\n\nPREFIX dbo: <http://dbpedia.org/ontology/>\nPREFIX dbp: <http://dbpedia.org/property/>\nPREFIX dbr: <http://dbpedia.org/resource/>\nPREFIX rdfs: <http://www.w3.org/2000/01/rdf-schema#>\n\nSELECT ?event ?description WHERE {\n  ?event rdf:type dbo:Event .\n  ?event dbo:wikiPageWikiLink dbr:Christopher_Columbus .\n  ?event dbo:wikiPageWikiLink dbr:Discovery_of_America .\n  ?event rdfs:label ?label .\n  ?event dbo:abstract ?description .\n  FILTER (LANG(?description) = 'en')\n}\nLIMIT 1\n\nLIMIT 10\n"
Query failed, retrying... Error: QueryBadFormed: A bad request has been sent to the endpoint: probably the SPARQL query is badly formed. 

Response:
b'Virtuoso 37000 Error SP030: SPARQL compiler, line 11: syntax error at \'LIMIT\' before \'10\'\n\nSPARQL query:\n#output-format:application/sparql-results+json\n\nSELECT ?event ?abstract\nWHERE {\n  ?event dbo:wikiPageID 12365;  # Assuming 12365 is the wikiPageID for Mayflower Pilgrims landing at Plymouth \n         dbo:abstract ?abstract.\n  FILTER (lang(?abstract) = "en")\n}\nLIMIT 1\n\nLIMIT 10\n'
Query failed, retrying... Error: QueryBadFormed: A bad request has been sent to the endpoint: probably the SPARQL query is badly formed. 

Response:
b"Virtuoso 37000 Error SP030: SPARQL compiler, line 17: syntax error at 'LIMIT' before '10'\n\nSPARQL query:\n#output-format:application/sparql-results+json\n\nPREFIX dbo: <http://dbpedia.org/ontology/>\nPREFIX dbr: <http://dbpedia.org/resource/>\nPREFIX rdfs: <http://www.w3.org/2000/01/rdf-schema#>\n\nSELECT ?event ?description ?date ?place\nWHERE {\n  dbr:World_War_I dbo:abstract ?description;\n                  dbo:wikiPageWikiLink ?event.\n  ?event dbo:date ?date;\n         dbo:place ?place.\n  FILTER (LANG(?description) = 'en')\n}\nLIMIT 1\n\nLIMIT 10\n"
Query failed, retrying... Error: QueryBadFormed: A bad request has been sent to the endpoint: probably the SPARQL query is badly formed. 

Response:
b'Virtuoso 37000 Error SP030: SPARQL compiler, line 8: Undefined namespace prefix in prefix:localpart notation at \'dct:subject\' before \'?event\'\n\nSPARQL query:\n#output-format:application/sparql-results+json\n\nPREFIX dbo: <http://dbpedia.org/ontology/>\nPREFIX dbr: <http://dbpedia.org/resource/>\n\nSELECT ?event ?description\nWHERE {\n  dbr:Adolf_Hitler dct:subject ?event.\n  ?event dbo:event ?description.\n  FILTER (CONTAINS(LCASE(STR(?description)), "hitler becomes chancellor"))\n}\nLIMIT 1\n\nLIMIT 10\n'
Query failed, retrying... Error: QueryBadFormed: A bad request has been sent to the endpoint: probably the SPARQL query is badly formed. 

Response:
b'Virtuoso 37000 Error SP030: SPARQL compiler, line 17: syntax error at \'LIMIT\' before \'10\'\n\nSPARQL query:\n#output-format:application/sparql-results+json\n\nPREFIX dbo: <http://dbpedia.org/ontology/>\nPREFIX dbr: <http://dbpedia.org/resource/>\n\nSELECT ?event ?date ?description\nWHERE {\n  ?event dbo:wikiPageWikiLink dbr:Adolf_Hitler ;\n         dbo:wikiPageWikiLink dbr:Chancellor_of_Germany ;\n         dbo:abstract ?description ;\n         dbo:date ?date .\n  FILTER (lang(?description) = "en")\n}\nORDER BY ?date\nLIMIT 1\n\nLIMIT 10\n'
Query failed, retrying... Error: QueryBadFormed: A bad request has been sent to the endpoint: probably the SPARQL query is badly formed. 

Response:
b"Virtuoso 37000 Error SP030: SPARQL compiler, line 17: syntax error at 'LIMIT' before '10'\n\nSPARQL query:\n#output-format:application/sparql-results+json\n\nPREFIX dbo: <http://dbpedia.org/ontology/>\nPREFIX dbr: <http://dbpedia.org/resource/>\nPREFIX dbp: <http://dbpedia.org/property/>\n\nSELECT ?event ?description ?date ?location ?participants\nWHERE {\n  dbr:Moon_landing dbo:abstract ?description ;\n                  dbp:date ?date ;\n                  dbp:location ?location ;\n                  dbo:participant ?participants .\n  FILTER (LANG(?description) = 'en')\n}\nLIMIT 1\n\nLIMIT 10\n"
Query failed, retrying... Error: QueryBadFormed: A bad request has been sent to the endpoint: probably the SPARQL query is badly formed. 

Response:
b"Virtuoso 37000 Error SP030: SPARQL compiler, line 13: syntax error at 'LIMIT' before '10'\n\nSPARQL query:\n#output-format:application/sparql-results+json\n\nPREFIX dbo: <http://dbpedia.org/ontology/>\nPREFIX dbr: <http://dbpedia.org/resource/>\nPREFIX dbp: <http://dbpedia.org/property/>\n\nSELECT ?abstract WHERE {\n  dbr:Taliban dbo:abstract ?abstract.\n  FILTER (lang(?abstract) = 'en')\n}\nLIMIT 1\n\nLIMIT 10\n"
Query failed, retrying... Error: QueryBadFormed: A bad request has been sent to the endpoint: probably the SPARQL query is badly formed. 

Response:
b'Virtuoso 37000 Error SP030: SPARQL compiler, line 18: syntax error at \'LIMIT\' before \'10\'\n\nSPARQL query:\n#output-format:application/sparql-results+json\n\nPREFIX dbo: <http://dbpedia.org/ontology/>\nPREFIX dbr: <http://dbpedia.org/resource/>\nPREFIX dbp: <http://dbpedia.org/property/>\n\nSELECT ?event ?label ?abstract\nWHERE {\n  ?event a dbo:Event ;\n         rdfs:label ?label ;\n         dbo:abstract ?abstract ;\n         dbo:wikiPageWikiLink dbr:Climate_change .\n  FILTER (lang(?label) = "en" && lang(?abstract) = "en")\n  FILTER(CONTAINS(LCASE(?label), "climate"))\n}\nLIMIT 10\n\nLIMIT 10\n'
Query failed, retrying... Error: QueryBadFormed: A bad request has been sent to the endpoint: probably the SPARQL query is badly formed. 

Response:
b'Virtuoso 37000 Error SP030: SPARQL compiler, line 25: syntax error at \'LIMIT\' before \'10\'\n\nSPARQL query:\n#output-format:application/sparql-results+json\n\nPREFIX dbo: <http://dbpedia.org/ontology/>\nPREFIX dbr: <http://dbpedia.org/resource/>\n\nSELECT ?event ?eventDescription ?relatedAgreements ?agreementDescription\nWHERE {\n  ?event a dbo:Event;\n         dbo:abstract ?eventDescription;\n         dbo:wikiPageWikiLink dbr:Climate_change_mitigation;\n         dbo:wikiPageWikiLink dbr:Renewable_energy.\n\n  OPTIONAL {\n    ?event dbo:wikiPageWikiLink ?relatedAgreements.\n    ?relatedAgreements a dbo:Event;\n                       dbo:abstract ?agreementDescription.\n    FILTER(CONTAINS(LCASE(STR(?relatedAgreements)), "agreement"))\n  }\n\n  FILTER(LANG(?eventDescription) = "en")\n  FILTER(LANG(?agreementDescription) = "en")\n}\nLIMIT 10\n\nLIMIT 10\n'
